<?xml version="1.0" encoding="UTF-8"?>
<?xml-stylesheet href="./junit.xsl" type="text/xsl"?>
<testsuites>
  <testsuite name="All Tests" tests="1" assertions="1" failures="0" errors="0" time="0.005885">
    <testsuite name="SampleTest" file="/home/pepellou/workspace/phpunit-logs/test/SampleTest.php" tests="1" assertions="1" failures="0" errors="0" time="0.005885">
      <testcase name="test_aTrivialTest" class="SampleTest" file="/home/pepellou/workspace/phpunit-logs/test/SampleTest.php" line="5" assertions="1" time="0.005885"/>
    </testsuite>
  </testsuite>
</testsuites>
